[2025-12-07 14:09:55] production.ERROR: could not find driver (Connection: wordpress, SQL: select exists (select 1 from information_schema.tables where table_schema = schema() and table_name = 'wp_migrations' and table_type in ('BASE TABLE', 'SYSTEM VERSIONED')) as `exists`) {"exception":"[object] (Illuminate\\Database\\QueryException(code: 0): could not find driver (Connection: wordpress, SQL: select exists (select 1 from information_schema.tables where table_schema = schema() and table_name = 'wp_migrations' and table_type in ('BASE TABLE', 'SYSTEM VERSIONED')) as `exists`) at /var/www/html/wp-content/themes/sage-theme/vendor/illuminate/database/Connection.php:826)
[stacktrace]
#0 /var/www/html/wp-content/themes/sage-theme/vendor/illuminate/database/Connection.php(780): Illuminate\\Database\\Connection->runQueryCallback('select exists (...', Array, Object(Closure))
#1 /var/www/html/wp-content/themes/sage-theme/vendor/illuminate/database/Connection.php(397): Illuminate\\Database\\Connection->run('select exists (...', Array, Object(Closure))
#2 /var/www/html/wp-content/themes/sage-theme/vendor/illuminate/database/Connection.php(343): Illuminate\\Database\\Connection->select('select exists (...', Array, true)
#3 /var/www/html/wp-content/themes/sage-theme/vendor/illuminate/database/Connection.php(360): Illuminate\\Database\\Connection->selectOne('select exists (...', Array, true)
#4 /var/www/html/wp-content/themes/sage-theme/vendor/illuminate/database/Schema/Builder.php(174): Illuminate\\Database\\Connection->scalar('select exists (...')
#5 /var/www/html/wp-content/themes/sage-theme/vendor/illuminate/database/Migrations/DatabaseMigrationRepository.php(185): Illuminate\\Database\\Schema\\Builder->hasTable('wp_migrations')
#6 /var/www/html/wp-content/themes/sage-theme/vendor/illuminate/database/Migrations/Migrator.php(753): Illuminate\\Database\\Migrations\\DatabaseMigrationRepository->repositoryExists()
#7 /var/www/html/wp-content/themes/sage-theme/vendor/illuminate/database/Console/Migrations/MigrateCommand.php(164): Illuminate\\Database\\Migrations\\Migrator->repositoryExists()
#8 /var/www/html/wp-content/themes/sage-theme/vendor/illuminate/support/helpers.php(424): Illuminate\\Database\\Console\\Migrations\\MigrateCommand->Illuminate\\Database\\Console\\Migrations\\{closure}(1)
#9 /var/www/html/wp-content/themes/sage-theme/vendor/illuminate/database/Console/Migrations/MigrateCommand.php(164): retry(1, Object(Closure), 0, Object(Closure))
#10 /var/www/html/wp-content/themes/sage-theme/vendor/illuminate/database/Console/Migrations/MigrateCommand.php(140): Illuminate\\Database\\Console\\Migrations\\MigrateCommand->repositoryExists()
#11 /var/www/html/wp-content/themes/sage-theme/vendor/illuminate/database/Console/Migrations/MigrateCommand.php(110): Illuminate\\Database\\Console\\Migrations\\MigrateCommand->prepareDatabase()
#12 /var/www/html/wp-content/themes/sage-theme/vendor/illuminate/database/Migrations/Migrator.php(666): Illuminate\\Database\\Console\\Migrations\\MigrateCommand->Illuminate\\Database\\Console\\Migrations\\{closure}()
#13 /var/www/html/wp-content/themes/sage-theme/vendor/illuminate/database/Console/Migrations/MigrateCommand.php(109): Illuminate\\Database\\Migrations\\Migrator->usingConnection(NULL, Object(Closure))
#14 /var/www/html/wp-content/themes/sage-theme/vendor/illuminate/database/Console/Migrations/MigrateCommand.php(88): Illuminate\\Database\\Console\\Migrations\\MigrateCommand->runMigrations()
#15 /var/www/html/wp-content/themes/sage-theme/vendor/illuminate/container/BoundMethod.php(36): Illuminate\\Database\\Console\\Migrations\\MigrateCommand->handle()
#16 /var/www/html/wp-content/themes/sage-theme/vendor/illuminate/container/Util.php(43): Illuminate\\Container\\BoundMethod::Illuminate\\Container\\{closure}()
#17 /var/www/html/wp-content/themes/sage-theme/vendor/illuminate/container/BoundMethod.php(96): Illuminate\\Container\\Util::unwrapIfClosure(Object(Closure))
#18 /var/www/html/wp-content/themes/sage-theme/vendor/illuminate/container/BoundMethod.php(35): Illuminate\\Container\\BoundMethod::callBoundMethod(Object(Roots\\Acorn\\Application), Array, Object(Closure))
#19 /var/www/html/wp-content/themes/sage-theme/vendor/illuminate/container/Container.php(807): Illuminate\\Container\\BoundMethod::call(Object(Roots\\Acorn\\Application), Array, Array, NULL)
#20 /var/www/html/wp-content/themes/sage-theme/vendor/illuminate/console/Command.php(211): Illuminate\\Container\\Container->call(Array)
#21 /var/www/html/wp-content/themes/sage-theme/vendor/symfony/console/Command/Command.php(335): Illuminate\\Console\\Command->execute(Object(Symfony\\Component\\Console\\Input\\StringInput), Object(Illuminate\\Console\\OutputStyle))
#22 /var/www/html/wp-content/themes/sage-theme/vendor/illuminate/console/Command.php(180): Symfony\\Component\\Console\\Command\\Command->run(Object(Symfony\\Component\\Console\\Input\\StringInput), Object(Illuminate\\Console\\OutputStyle))
#23 /var/www/html/wp-content/themes/sage-theme/vendor/symfony/console/Application.php(1103): Illuminate\\Console\\Command->run(Object(Symfony\\Component\\Console\\Input\\StringInput), Object(Symfony\\Component\\Console\\Output\\ConsoleOutput))
#24 /var/www/html/wp-content/themes/sage-theme/vendor/symfony/console/Application.php(356): Symfony\\Component\\Console\\Application->doRunCommand(Object(Illuminate\\Database\\Console\\Migrations\\MigrateCommand), Object(Symfony\\Component\\Console\\Input\\StringInput), Object(Symfony\\Component\\Console\\Output\\ConsoleOutput))
#25 /var/www/html/wp-content/themes/sage-theme/vendor/symfony/console/Application.php(195): Symfony\\Component\\Console\\Application->doRun(Object(Symfony\\Component\\Console\\Input\\StringInput), Object(Symfony\\Component\\Console\\Output\\ConsoleOutput))
#26 /var/www/html/wp-content/themes/sage-theme/vendor/roots/acorn/src/Illuminate/Foundation/Console/Kernel.php(197): Symfony\\Component\\Console\\Application->run(Object(Symfony\\Component\\Console\\Input\\StringInput), Object(Symfony\\Component\\Console\\Output\\ConsoleOutput))
#27 /var/www/html/wp-content/themes/sage-theme/vendor/roots/acorn/src/Roots/Acorn/Application/Concerns/Bootable.php(100): Illuminate\\Foundation\\Console\\Kernel->handle(Object(Symfony\\Component\\Console\\Input\\StringInput), Object(Symfony\\Component\\Console\\Output\\ConsoleOutput))
#28 [internal function]: Roots\\Acorn\\Application->Roots\\Acorn\\Application\\Concerns\\{closure}(Array, Array)
#29 phar:///usr/local/bin/wp/vendor/wp-cli/wp-cli/php/WP_CLI/Dispatcher/CommandFactory.php(102): call_user_func(Object(Closure), Array, Array)
#30 [internal function]: WP_CLI\\Dispatcher\\CommandFactory::WP_CLI\\Dispatcher\\{closure}(Array, Array)
#31 phar:///usr/local/bin/wp/vendor/wp-cli/wp-cli/php/WP_CLI/Dispatcher/Subcommand.php(497): call_user_func(Object(Closure), Array, Array)
#32 phar:///usr/local/bin/wp/vendor/wp-cli/wp-cli/php/WP_CLI/Runner.php(470): WP_CLI\\Dispatcher\\Subcommand->invoke(Array, Array, Array)
#33 phar:///usr/local/bin/wp/vendor/wp-cli/wp-cli/php/WP_CLI/Runner.php(493): WP_CLI\\Runner->run_command(Array, Array)
#34 phar:///usr/local/bin/wp/vendor/wp-cli/wp-cli/php/WP_CLI/Runner.php(1295): WP_CLI\\Runner->run_command_and_exit()
#35 phar:///usr/local/bin/wp/vendor/wp-cli/wp-cli/php/WP_CLI/Bootstrap/LaunchRunner.php(28): WP_CLI\\Runner->start()
#36 phar:///usr/local/bin/wp/vendor/wp-cli/wp-cli/php/bootstrap.php(84): WP_CLI\\Bootstrap\\LaunchRunner->process(Object(WP_CLI\\Bootstrap\\BootstrapState))
#37 phar:///usr/local/bin/wp/vendor/wp-cli/wp-cli/php/wp-cli.php(35): WP_CLI\\bootstrap()
#38 phar:///usr/local/bin/wp/php/boot-phar.php(20): include('phar:///usr/loc...')
#39 /usr/local/bin/wp(4): include('phar:///usr/loc...')
#40 {main}

[previous exception] [object] (PDOException(code: 0): could not find driver at /var/www/html/wp-content/themes/sage-theme/vendor/illuminate/database/Connectors/Connector.php:66)
[stacktrace]
#0 /var/www/html/wp-content/themes/sage-theme/vendor/illuminate/database/Connectors/Connector.php(66): PDO->__construct('mysql:host=mysq...', 'wpuser', Object(SensitiveParameterValue), Array)
#1 /var/www/html/wp-content/themes/sage-theme/vendor/illuminate/database/Connectors/Connector.php(44): Illuminate\\Database\\Connectors\\Connector->createPdoConnection('mysql:host=mysq...', 'wpuser', Object(SensitiveParameterValue), Array)
#2 /var/www/html/wp-content/themes/sage-theme/vendor/illuminate/database/Connectors/MySqlConnector.php(24): Illuminate\\Database\\Connectors\\Connector->createConnection('mysql:host=mysq...', Array, Array)
#3 /var/www/html/wp-content/themes/sage-theme/vendor/illuminate/database/Connectors/ConnectionFactory.php(184): Illuminate\\Database\\Connectors\\MySqlConnector->connect(Array)
#4 [internal function]: Illuminate\\Database\\Connectors\\ConnectionFactory->Illuminate\\Database\\Connectors\\{closure}()
#5 /var/www/html/wp-content/themes/sage-theme/vendor/illuminate/database/Connection.php(1236): call_user_func(Object(Closure))
#6 /var/www/html/wp-content/themes/sage-theme/vendor/illuminate/database/Connection.php(1272): Illuminate\\Database\\Connection->getPdo()
#7 /var/www/html/wp-content/themes/sage-theme/vendor/illuminate/database/Connection.php(511): Illuminate\\Database\\Connection->getReadPdo()
#8 /var/www/html/wp-content/themes/sage-theme/vendor/illuminate/database/Connection.php(406): Illuminate\\Database\\Connection->getPdoForSelect(true)
#9 /var/www/html/wp-content/themes/sage-theme/vendor/illuminate/database/Connection.php(813): Illuminate\\Database\\Connection->Illuminate\\Database\\{closure}('select exists (...', Array)
#10 /var/www/html/wp-content/themes/sage-theme/vendor/illuminate/database/Connection.php(780): Illuminate\\Database\\Connection->runQueryCallback('select exists (...', Array, Object(Closure))
#11 /var/www/html/wp-content/themes/sage-theme/vendor/illuminate/database/Connection.php(397): Illuminate\\Database\\Connection->run('select exists (...', Array, Object(Closure))
#12 /var/www/html/wp-content/themes/sage-theme/vendor/illuminate/database/Connection.php(343): Illuminate\\Database\\Connection->select('select exists (...', Array, true)
#13 /var/www/html/wp-content/themes/sage-theme/vendor/illuminate/database/Connection.php(360): Illuminate\\Database\\Connection->selectOne('select exists (...', Array, true)
#14 /var/www/html/wp-content/themes/sage-theme/vendor/illuminate/database/Schema/Builder.php(174): Illuminate\\Database\\Connection->scalar('select exists (...')
#15 /var/www/html/wp-content/themes/sage-theme/vendor/illuminate/database/Migrations/DatabaseMigrationRepository.php(185): Illuminate\\Database\\Schema\\Builder->hasTable('wp_migrations')
#16 /var/www/html/wp-content/themes/sage-theme/vendor/illuminate/database/Migrations/Migrator.php(753): Illuminate\\Database\\Migrations\\DatabaseMigrationRepository->repositoryExists()
#17 /var/www/html/wp-content/themes/sage-theme/vendor/illuminate/database/Console/Migrations/MigrateCommand.php(164): Illuminate\\Database\\Migrations\\Migrator->repositoryExists()
#18 /var/www/html/wp-content/themes/sage-theme/vendor/illuminate/support/helpers.php(424): Illuminate\\Database\\Console\\Migrations\\MigrateCommand->Illuminate\\Database\\Console\\Migrations\\{closure}(1)
#19 /var/www/html/wp-content/themes/sage-theme/vendor/illuminate/database/Console/Migrations/MigrateCommand.php(164): retry(1, Object(Closure), 0, Object(Closure))
#20 /var/www/html/wp-content/themes/sage-theme/vendor/illuminate/database/Console/Migrations/MigrateCommand.php(140): Illuminate\\Database\\Console\\Migrations\\MigrateCommand->repositoryExists()
#21 /var/www/html/wp-content/themes/sage-theme/vendor/illuminate/database/Console/Migrations/MigrateCommand.php(110): Illuminate\\Database\\Console\\Migrations\\MigrateCommand->prepareDatabase()
#22 /var/www/html/wp-content/themes/sage-theme/vendor/illuminate/database/Migrations/Migrator.php(666): Illuminate\\Database\\Console\\Migrations\\MigrateCommand->Illuminate\\Database\\Console\\Migrations\\{closure}()
#23 /var/www/html/wp-content/themes/sage-theme/vendor/illuminate/database/Console/Migrations/MigrateCommand.php(109): Illuminate\\Database\\Migrations\\Migrator->usingConnection(NULL, Object(Closure))
#24 /var/www/html/wp-content/themes/sage-theme/vendor/illuminate/database/Console/Migrations/MigrateCommand.php(88): Illuminate\\Database\\Console\\Migrations\\MigrateCommand->runMigrations()
#25 /var/www/html/wp-content/themes/sage-theme/vendor/illuminate/container/BoundMethod.php(36): Illuminate\\Database\\Console\\Migrations\\MigrateCommand->handle()
#26 /var/www/html/wp-content/themes/sage-theme/vendor/illuminate/container/Util.php(43): Illuminate\\Container\\BoundMethod::Illuminate\\Container\\{closure}()
#27 /var/www/html/wp-content/themes/sage-theme/vendor/illuminate/container/BoundMethod.php(96): Illuminate\\Container\\Util::unwrapIfClosure(Object(Closure))
#28 /var/www/html/wp-content/themes/sage-theme/vendor/illuminate/container/BoundMethod.php(35): Illuminate\\Container\\BoundMethod::callBoundMethod(Object(Roots\\Acorn\\Application), Array, Object(Closure))
#29 /var/www/html/wp-content/themes/sage-theme/vendor/illuminate/container/Container.php(807): Illuminate\\Container\\BoundMethod::call(Object(Roots\\Acorn\\Application), Array, Array, NULL)
#30 /var/www/html/wp-content/themes/sage-theme/vendor/illuminate/console/Command.php(211): Illuminate\\Container\\Container->call(Array)
#31 /var/www/html/wp-content/themes/sage-theme/vendor/symfony/console/Command/Command.php(335): Illuminate\\Console\\Command->execute(Object(Symfony\\Component\\Console\\Input\\StringInput), Object(Illuminate\\Console\\OutputStyle))
#32 /var/www/html/wp-content/themes/sage-theme/vendor/illuminate/console/Command.php(180): Symfony\\Component\\Console\\Command\\Command->run(Object(Symfony\\Component\\Console\\Input\\StringInput), Object(Illuminate\\Console\\OutputStyle))
#33 /var/www/html/wp-content/themes/sage-theme/vendor/symfony/console/Application.php(1103): Illuminate\\Console\\Command->run(Object(Symfony\\Component\\Console\\Input\\StringInput), Object(Symfony\\Component\\Console\\Output\\ConsoleOutput))
#34 /var/www/html/wp-content/themes/sage-theme/vendor/symfony/console/Application.php(356): Symfony\\Component\\Console\\Application->doRunCommand(Object(Illuminate\\Database\\Console\\Migrations\\MigrateCommand), Object(Symfony\\Component\\Console\\Input\\StringInput), Object(Symfony\\Component\\Console\\Output\\ConsoleOutput))
#35 /var/www/html/wp-content/themes/sage-theme/vendor/symfony/console/Application.php(195): Symfony\\Component\\Console\\Application->doRun(Object(Symfony\\Component\\Console\\Input\\StringInput), Object(Symfony\\Component\\Console\\Output\\ConsoleOutput))
#36 /var/www/html/wp-content/themes/sage-theme/vendor/roots/acorn/src/Illuminate/Foundation/Console/Kernel.php(197): Symfony\\Component\\Console\\Application->run(Object(Symfony\\Component\\Console\\Input\\StringInput), Object(Symfony\\Component\\Console\\Output\\ConsoleOutput))
#37 /var/www/html/wp-content/themes/sage-theme/vendor/roots/acorn/src/Roots/Acorn/Application/Concerns/Bootable.php(100): Illuminate\\Foundation\\Console\\Kernel->handle(Object(Symfony\\Component\\Console\\Input\\StringInput), Object(Symfony\\Component\\Console\\Output\\ConsoleOutput))
#38 [internal function]: Roots\\Acorn\\Application->Roots\\Acorn\\Application\\Concerns\\{closure}(Array, Array)
#39 phar:///usr/local/bin/wp/vendor/wp-cli/wp-cli/php/WP_CLI/Dispatcher/CommandFactory.php(102): call_user_func(Object(Closure), Array, Array)
#40 [internal function]: WP_CLI\\Dispatcher\\CommandFactory::WP_CLI\\Dispatcher\\{closure}(Array, Array)
#41 phar:///usr/local/bin/wp/vendor/wp-cli/wp-cli/php/WP_CLI/Dispatcher/Subcommand.php(497): call_user_func(Object(Closure), Array, Array)
#42 phar:///usr/local/bin/wp/vendor/wp-cli/wp-cli/php/WP_CLI/Runner.php(470): WP_CLI\\Dispatcher\\Subcommand->invoke(Array, Array, Array)
#43 phar:///usr/local/bin/wp/vendor/wp-cli/wp-cli/php/WP_CLI/Runner.php(493): WP_CLI\\Runner->run_command(Array, Array)
#44 phar:///usr/local/bin/wp/vendor/wp-cli/wp-cli/php/WP_CLI/Runner.php(1295): WP_CLI\\Runner->run_command_and_exit()
#45 phar:///usr/local/bin/wp/vendor/wp-cli/wp-cli/php/WP_CLI/Bootstrap/LaunchRunner.php(28): WP_CLI\\Runner->start()
#46 phar:///usr/local/bin/wp/vendor/wp-cli/wp-cli/php/bootstrap.php(84): WP_CLI\\Bootstrap\\LaunchRunner->process(Object(WP_CLI\\Bootstrap\\BootstrapState))
#47 phar:///usr/local/bin/wp/vendor/wp-cli/wp-cli/php/wp-cli.php(35): WP_CLI\\bootstrap()
#48 phar:///usr/local/bin/wp/php/boot-phar.php(20): include('phar:///usr/loc...')
#49 /usr/local/bin/wp(4): include('phar:///usr/loc...')
#50 {main}
"} 
[2025-12-07 14:14:05] production.ERROR: could not find driver (Connection: wordpress, SQL: select exists (select 1 from information_schema.tables where table_schema = schema() and table_name = 'wp_migrations' and table_type in ('BASE TABLE', 'SYSTEM VERSIONED')) as `exists`) {"exception":"[object] (Illuminate\\Database\\QueryException(code: 0): could not find driver (Connection: wordpress, SQL: select exists (select 1 from information_schema.tables where table_schema = schema() and table_name = 'wp_migrations' and table_type in ('BASE TABLE', 'SYSTEM VERSIONED')) as `exists`) at /var/www/html/wp-content/themes/sage-theme/vendor/illuminate/database/Connection.php:826)
[stacktrace]
#0 /var/www/html/wp-content/themes/sage-theme/vendor/illuminate/database/Connection.php(780): Illuminate\\Database\\Connection->runQueryCallback('select exists (...', Array, Object(Closure))
#1 /var/www/html/wp-content/themes/sage-theme/vendor/illuminate/database/Connection.php(397): Illuminate\\Database\\Connection->run('select exists (...', Array, Object(Closure))
#2 /var/www/html/wp-content/themes/sage-theme/vendor/illuminate/database/Connection.php(343): Illuminate\\Database\\Connection->select('select exists (...', Array, true)
#3 /var/www/html/wp-content/themes/sage-theme/vendor/illuminate/database/Connection.php(360): Illuminate\\Database\\Connection->selectOne('select exists (...', Array, true)
#4 /var/www/html/wp-content/themes/sage-theme/vendor/illuminate/database/Schema/Builder.php(174): Illuminate\\Database\\Connection->scalar('select exists (...')
#5 /var/www/html/wp-content/themes/sage-theme/vendor/illuminate/database/Migrations/DatabaseMigrationRepository.php(185): Illuminate\\Database\\Schema\\Builder->hasTable('wp_migrations')
#6 /var/www/html/wp-content/themes/sage-theme/vendor/illuminate/database/Migrations/Migrator.php(753): Illuminate\\Database\\Migrations\\DatabaseMigrationRepository->repositoryExists()
#7 /var/www/html/wp-content/themes/sage-theme/vendor/illuminate/database/Console/Migrations/MigrateCommand.php(164): Illuminate\\Database\\Migrations\\Migrator->repositoryExists()
#8 /var/www/html/wp-content/themes/sage-theme/vendor/illuminate/support/helpers.php(424): Illuminate\\Database\\Console\\Migrations\\MigrateCommand->Illuminate\\Database\\Console\\Migrations\\{closure}(1)
#9 /var/www/html/wp-content/themes/sage-theme/vendor/illuminate/database/Console/Migrations/MigrateCommand.php(164): retry(1, Object(Closure), 0, Object(Closure))
#10 /var/www/html/wp-content/themes/sage-theme/vendor/illuminate/database/Console/Migrations/MigrateCommand.php(140): Illuminate\\Database\\Console\\Migrations\\MigrateCommand->repositoryExists()
#11 /var/www/html/wp-content/themes/sage-theme/vendor/illuminate/database/Console/Migrations/MigrateCommand.php(110): Illuminate\\Database\\Console\\Migrations\\MigrateCommand->prepareDatabase()
#12 /var/www/html/wp-content/themes/sage-theme/vendor/illuminate/database/Migrations/Migrator.php(666): Illuminate\\Database\\Console\\Migrations\\MigrateCommand->Illuminate\\Database\\Console\\Migrations\\{closure}()
#13 /var/www/html/wp-content/themes/sage-theme/vendor/illuminate/database/Console/Migrations/MigrateCommand.php(109): Illuminate\\Database\\Migrations\\Migrator->usingConnection(NULL, Object(Closure))
#14 /var/www/html/wp-content/themes/sage-theme/vendor/illuminate/database/Console/Migrations/MigrateCommand.php(88): Illuminate\\Database\\Console\\Migrations\\MigrateCommand->runMigrations()
#15 /var/www/html/wp-content/themes/sage-theme/vendor/illuminate/container/BoundMethod.php(36): Illuminate\\Database\\Console\\Migrations\\MigrateCommand->handle()
#16 /var/www/html/wp-content/themes/sage-theme/vendor/illuminate/container/Util.php(43): Illuminate\\Container\\BoundMethod::Illuminate\\Container\\{closure}()
#17 /var/www/html/wp-content/themes/sage-theme/vendor/illuminate/container/BoundMethod.php(96): Illuminate\\Container\\Util::unwrapIfClosure(Object(Closure))
#18 /var/www/html/wp-content/themes/sage-theme/vendor/illuminate/container/BoundMethod.php(35): Illuminate\\Container\\BoundMethod::callBoundMethod(Object(Roots\\Acorn\\Application), Array, Object(Closure))
#19 /var/www/html/wp-content/themes/sage-theme/vendor/illuminate/container/Container.php(807): Illuminate\\Container\\BoundMethod::call(Object(Roots\\Acorn\\Application), Array, Array, NULL)
#20 /var/www/html/wp-content/themes/sage-theme/vendor/illuminate/console/Command.php(211): Illuminate\\Container\\Container->call(Array)
#21 /var/www/html/wp-content/themes/sage-theme/vendor/symfony/console/Command/Command.php(335): Illuminate\\Console\\Command->execute(Object(Symfony\\Component\\Console\\Input\\StringInput), Object(Illuminate\\Console\\OutputStyle))
#22 /var/www/html/wp-content/themes/sage-theme/vendor/illuminate/console/Command.php(180): Symfony\\Component\\Console\\Command\\Command->run(Object(Symfony\\Component\\Console\\Input\\StringInput), Object(Illuminate\\Console\\OutputStyle))
#23 /var/www/html/wp-content/themes/sage-theme/vendor/symfony/console/Application.php(1103): Illuminate\\Console\\Command->run(Object(Symfony\\Component\\Console\\Input\\StringInput), Object(Symfony\\Component\\Console\\Output\\ConsoleOutput))
#24 /var/www/html/wp-content/themes/sage-theme/vendor/symfony/console/Application.php(356): Symfony\\Component\\Console\\Application->doRunCommand(Object(Illuminate\\Database\\Console\\Migrations\\MigrateCommand), Object(Symfony\\Component\\Console\\Input\\StringInput), Object(Symfony\\Component\\Console\\Output\\ConsoleOutput))
#25 /var/www/html/wp-content/themes/sage-theme/vendor/symfony/console/Application.php(195): Symfony\\Component\\Console\\Application->doRun(Object(Symfony\\Component\\Console\\Input\\StringInput), Object(Symfony\\Component\\Console\\Output\\ConsoleOutput))
#26 /var/www/html/wp-content/themes/sage-theme/vendor/roots/acorn/src/Illuminate/Foundation/Console/Kernel.php(197): Symfony\\Component\\Console\\Application->run(Object(Symfony\\Component\\Console\\Input\\StringInput), Object(Symfony\\Component\\Console\\Output\\ConsoleOutput))
#27 /var/www/html/wp-content/themes/sage-theme/vendor/roots/acorn/src/Roots/Acorn/Application/Concerns/Bootable.php(100): Illuminate\\Foundation\\Console\\Kernel->handle(Object(Symfony\\Component\\Console\\Input\\StringInput), Object(Symfony\\Component\\Console\\Output\\ConsoleOutput))
#28 [internal function]: Roots\\Acorn\\Application->Roots\\Acorn\\Application\\Concerns\\{closure}(Array, Array)
#29 phar:///usr/local/bin/wp/vendor/wp-cli/wp-cli/php/WP_CLI/Dispatcher/CommandFactory.php(102): call_user_func(Object(Closure), Array, Array)
#30 [internal function]: WP_CLI\\Dispatcher\\CommandFactory::WP_CLI\\Dispatcher\\{closure}(Array, Array)
#31 phar:///usr/local/bin/wp/vendor/wp-cli/wp-cli/php/WP_CLI/Dispatcher/Subcommand.php(497): call_user_func(Object(Closure), Array, Array)
#32 phar:///usr/local/bin/wp/vendor/wp-cli/wp-cli/php/WP_CLI/Runner.php(470): WP_CLI\\Dispatcher\\Subcommand->invoke(Array, Array, Array)
#33 phar:///usr/local/bin/wp/vendor/wp-cli/wp-cli/php/WP_CLI/Runner.php(493): WP_CLI\\Runner->run_command(Array, Array)
#34 phar:///usr/local/bin/wp/vendor/wp-cli/wp-cli/php/WP_CLI/Runner.php(1295): WP_CLI\\Runner->run_command_and_exit()
#35 phar:///usr/local/bin/wp/vendor/wp-cli/wp-cli/php/WP_CLI/Bootstrap/LaunchRunner.php(28): WP_CLI\\Runner->start()
#36 phar:///usr/local/bin/wp/vendor/wp-cli/wp-cli/php/bootstrap.php(84): WP_CLI\\Bootstrap\\LaunchRunner->process(Object(WP_CLI\\Bootstrap\\BootstrapState))
#37 phar:///usr/local/bin/wp/vendor/wp-cli/wp-cli/php/wp-cli.php(35): WP_CLI\\bootstrap()
#38 phar:///usr/local/bin/wp/php/boot-phar.php(20): include('phar:///usr/loc...')
#39 /usr/local/bin/wp(4): include('phar:///usr/loc...')
#40 {main}

[previous exception] [object] (PDOException(code: 0): could not find driver at /var/www/html/wp-content/themes/sage-theme/vendor/illuminate/database/Connectors/Connector.php:66)
[stacktrace]
#0 /var/www/html/wp-content/themes/sage-theme/vendor/illuminate/database/Connectors/Connector.php(66): PDO->__construct('mysql:host=mysq...', 'wpuser', Object(SensitiveParameterValue), Array)
#1 /var/www/html/wp-content/themes/sage-theme/vendor/illuminate/database/Connectors/Connector.php(44): Illuminate\\Database\\Connectors\\Connector->createPdoConnection('mysql:host=mysq...', 'wpuser', Object(SensitiveParameterValue), Array)
#2 /var/www/html/wp-content/themes/sage-theme/vendor/illuminate/database/Connectors/MySqlConnector.php(24): Illuminate\\Database\\Connectors\\Connector->createConnection('mysql:host=mysq...', Array, Array)
#3 /var/www/html/wp-content/themes/sage-theme/vendor/illuminate/database/Connectors/ConnectionFactory.php(184): Illuminate\\Database\\Connectors\\MySqlConnector->connect(Array)
#4 [internal function]: Illuminate\\Database\\Connectors\\ConnectionFactory->Illuminate\\Database\\Connectors\\{closure}()
#5 /var/www/html/wp-content/themes/sage-theme/vendor/illuminate/database/Connection.php(1236): call_user_func(Object(Closure))
#6 /var/www/html/wp-content/themes/sage-theme/vendor/illuminate/database/Connection.php(1272): Illuminate\\Database\\Connection->getPdo()
#7 /var/www/html/wp-content/themes/sage-theme/vendor/illuminate/database/Connection.php(511): Illuminate\\Database\\Connection->getReadPdo()
#8 /var/www/html/wp-content/themes/sage-theme/vendor/illuminate/database/Connection.php(406): Illuminate\\Database\\Connection->getPdoForSelect(true)
#9 /var/www/html/wp-content/themes/sage-theme/vendor/illuminate/database/Connection.php(813): Illuminate\\Database\\Connection->Illuminate\\Database\\{closure}('select exists (...', Array)
#10 /var/www/html/wp-content/themes/sage-theme/vendor/illuminate/database/Connection.php(780): Illuminate\\Database\\Connection->runQueryCallback('select exists (...', Array, Object(Closure))
#11 /var/www/html/wp-content/themes/sage-theme/vendor/illuminate/database/Connection.php(397): Illuminate\\Database\\Connection->run('select exists (...', Array, Object(Closure))
#12 /var/www/html/wp-content/themes/sage-theme/vendor/illuminate/database/Connection.php(343): Illuminate\\Database\\Connection->select('select exists (...', Array, true)
#13 /var/www/html/wp-content/themes/sage-theme/vendor/illuminate/database/Connection.php(360): Illuminate\\Database\\Connection->selectOne('select exists (...', Array, true)
#14 /var/www/html/wp-content/themes/sage-theme/vendor/illuminate/database/Schema/Builder.php(174): Illuminate\\Database\\Connection->scalar('select exists (...')
#15 /var/www/html/wp-content/themes/sage-theme/vendor/illuminate/database/Migrations/DatabaseMigrationRepository.php(185): Illuminate\\Database\\Schema\\Builder->hasTable('wp_migrations')
#16 /var/www/html/wp-content/themes/sage-theme/vendor/illuminate/database/Migrations/Migrator.php(753): Illuminate\\Database\\Migrations\\DatabaseMigrationRepository->repositoryExists()
#17 /var/www/html/wp-content/themes/sage-theme/vendor/illuminate/database/Console/Migrations/MigrateCommand.php(164): Illuminate\\Database\\Migrations\\Migrator->repositoryExists()
#18 /var/www/html/wp-content/themes/sage-theme/vendor/illuminate/support/helpers.php(424): Illuminate\\Database\\Console\\Migrations\\MigrateCommand->Illuminate\\Database\\Console\\Migrations\\{closure}(1)
#19 /var/www/html/wp-content/themes/sage-theme/vendor/illuminate/database/Console/Migrations/MigrateCommand.php(164): retry(1, Object(Closure), 0, Object(Closure))
#20 /var/www/html/wp-content/themes/sage-theme/vendor/illuminate/database/Console/Migrations/MigrateCommand.php(140): Illuminate\\Database\\Console\\Migrations\\MigrateCommand->repositoryExists()
#21 /var/www/html/wp-content/themes/sage-theme/vendor/illuminate/database/Console/Migrations/MigrateCommand.php(110): Illuminate\\Database\\Console\\Migrations\\MigrateCommand->prepareDatabase()
#22 /var/www/html/wp-content/themes/sage-theme/vendor/illuminate/database/Migrations/Migrator.php(666): Illuminate\\Database\\Console\\Migrations\\MigrateCommand->Illuminate\\Database\\Console\\Migrations\\{closure}()
#23 /var/www/html/wp-content/themes/sage-theme/vendor/illuminate/database/Console/Migrations/MigrateCommand.php(109): Illuminate\\Database\\Migrations\\Migrator->usingConnection(NULL, Object(Closure))
#24 /var/www/html/wp-content/themes/sage-theme/vendor/illuminate/database/Console/Migrations/MigrateCommand.php(88): Illuminate\\Database\\Console\\Migrations\\MigrateCommand->runMigrations()
#25 /var/www/html/wp-content/themes/sage-theme/vendor/illuminate/container/BoundMethod.php(36): Illuminate\\Database\\Console\\Migrations\\MigrateCommand->handle()
#26 /var/www/html/wp-content/themes/sage-theme/vendor/illuminate/container/Util.php(43): Illuminate\\Container\\BoundMethod::Illuminate\\Container\\{closure}()
#27 /var/www/html/wp-content/themes/sage-theme/vendor/illuminate/container/BoundMethod.php(96): Illuminate\\Container\\Util::unwrapIfClosure(Object(Closure))
#28 /var/www/html/wp-content/themes/sage-theme/vendor/illuminate/container/BoundMethod.php(35): Illuminate\\Container\\BoundMethod::callBoundMethod(Object(Roots\\Acorn\\Application), Array, Object(Closure))
#29 /var/www/html/wp-content/themes/sage-theme/vendor/illuminate/container/Container.php(807): Illuminate\\Container\\BoundMethod::call(Object(Roots\\Acorn\\Application), Array, Array, NULL)
#30 /var/www/html/wp-content/themes/sage-theme/vendor/illuminate/console/Command.php(211): Illuminate\\Container\\Container->call(Array)
#31 /var/www/html/wp-content/themes/sage-theme/vendor/symfony/console/Command/Command.php(335): Illuminate\\Console\\Command->execute(Object(Symfony\\Component\\Console\\Input\\StringInput), Object(Illuminate\\Console\\OutputStyle))
#32 /var/www/html/wp-content/themes/sage-theme/vendor/illuminate/console/Command.php(180): Symfony\\Component\\Console\\Command\\Command->run(Object(Symfony\\Component\\Console\\Input\\StringInput), Object(Illuminate\\Console\\OutputStyle))
#33 /var/www/html/wp-content/themes/sage-theme/vendor/symfony/console/Application.php(1103): Illuminate\\Console\\Command->run(Object(Symfony\\Component\\Console\\Input\\StringInput), Object(Symfony\\Component\\Console\\Output\\ConsoleOutput))
#34 /var/www/html/wp-content/themes/sage-theme/vendor/symfony/console/Application.php(356): Symfony\\Component\\Console\\Application->doRunCommand(Object(Illuminate\\Database\\Console\\Migrations\\MigrateCommand), Object(Symfony\\Component\\Console\\Input\\StringInput), Object(Symfony\\Component\\Console\\Output\\ConsoleOutput))
#35 /var/www/html/wp-content/themes/sage-theme/vendor/symfony/console/Application.php(195): Symfony\\Component\\Console\\Application->doRun(Object(Symfony\\Component\\Console\\Input\\StringInput), Object(Symfony\\Component\\Console\\Output\\ConsoleOutput))
#36 /var/www/html/wp-content/themes/sage-theme/vendor/roots/acorn/src/Illuminate/Foundation/Console/Kernel.php(197): Symfony\\Component\\Console\\Application->run(Object(Symfony\\Component\\Console\\Input\\StringInput), Object(Symfony\\Component\\Console\\Output\\ConsoleOutput))
#37 /var/www/html/wp-content/themes/sage-theme/vendor/roots/acorn/src/Roots/Acorn/Application/Concerns/Bootable.php(100): Illuminate\\Foundation\\Console\\Kernel->handle(Object(Symfony\\Component\\Console\\Input\\StringInput), Object(Symfony\\Component\\Console\\Output\\ConsoleOutput))
#38 [internal function]: Roots\\Acorn\\Application->Roots\\Acorn\\Application\\Concerns\\{closure}(Array, Array)
#39 phar:///usr/local/bin/wp/vendor/wp-cli/wp-cli/php/WP_CLI/Dispatcher/CommandFactory.php(102): call_user_func(Object(Closure), Array, Array)
#40 [internal function]: WP_CLI\\Dispatcher\\CommandFactory::WP_CLI\\Dispatcher\\{closure}(Array, Array)
#41 phar:///usr/local/bin/wp/vendor/wp-cli/wp-cli/php/WP_CLI/Dispatcher/Subcommand.php(497): call_user_func(Object(Closure), Array, Array)
#42 phar:///usr/local/bin/wp/vendor/wp-cli/wp-cli/php/WP_CLI/Runner.php(470): WP_CLI\\Dispatcher\\Subcommand->invoke(Array, Array, Array)
#43 phar:///usr/local/bin/wp/vendor/wp-cli/wp-cli/php/WP_CLI/Runner.php(493): WP_CLI\\Runner->run_command(Array, Array)
#44 phar:///usr/local/bin/wp/vendor/wp-cli/wp-cli/php/WP_CLI/Runner.php(1295): WP_CLI\\Runner->run_command_and_exit()
#45 phar:///usr/local/bin/wp/vendor/wp-cli/wp-cli/php/WP_CLI/Bootstrap/LaunchRunner.php(28): WP_CLI\\Runner->start()
#46 phar:///usr/local/bin/wp/vendor/wp-cli/wp-cli/php/bootstrap.php(84): WP_CLI\\Bootstrap\\LaunchRunner->process(Object(WP_CLI\\Bootstrap\\BootstrapState))
#47 phar:///usr/local/bin/wp/vendor/wp-cli/wp-cli/php/wp-cli.php(35): WP_CLI\\bootstrap()
#48 phar:///usr/local/bin/wp/php/boot-phar.php(20): include('phar:///usr/loc...')
#49 /usr/local/bin/wp(4): include('phar:///usr/loc...')
#50 {main}
"} 
[2025-12-07 14:52:34] production.ERROR: could not find driver (Connection: wordpress, SQL: select exists (select 1 from information_schema.tables where table_schema = schema() and table_name = 'wp_migrations' and table_type in ('BASE TABLE', 'SYSTEM VERSIONED')) as `exists`) {"exception":"[object] (Illuminate\\Database\\QueryException(code: 0): could not find driver (Connection: wordpress, SQL: select exists (select 1 from information_schema.tables where table_schema = schema() and table_name = 'wp_migrations' and table_type in ('BASE TABLE', 'SYSTEM VERSIONED')) as `exists`) at /var/www/html/wp-content/themes/sage-theme/vendor/illuminate/database/Connection.php:826)
[stacktrace]
#0 /var/www/html/wp-content/themes/sage-theme/vendor/illuminate/database/Connection.php(780): Illuminate\\Database\\Connection->runQueryCallback('select exists (...', Array, Object(Closure))
#1 /var/www/html/wp-content/themes/sage-theme/vendor/illuminate/database/Connection.php(397): Illuminate\\Database\\Connection->run('select exists (...', Array, Object(Closure))
#2 /var/www/html/wp-content/themes/sage-theme/vendor/illuminate/database/Connection.php(343): Illuminate\\Database\\Connection->select('select exists (...', Array, true)
#3 /var/www/html/wp-content/themes/sage-theme/vendor/illuminate/database/Connection.php(360): Illuminate\\Database\\Connection->selectOne('select exists (...', Array, true)
#4 /var/www/html/wp-content/themes/sage-theme/vendor/illuminate/database/Schema/Builder.php(174): Illuminate\\Database\\Connection->scalar('select exists (...')
#5 /var/www/html/wp-content/themes/sage-theme/vendor/illuminate/database/Migrations/DatabaseMigrationRepository.php(185): Illuminate\\Database\\Schema\\Builder->hasTable('wp_migrations')
#6 /var/www/html/wp-content/themes/sage-theme/vendor/illuminate/database/Migrations/Migrator.php(753): Illuminate\\Database\\Migrations\\DatabaseMigrationRepository->repositoryExists()
#7 /var/www/html/wp-content/themes/sage-theme/vendor/illuminate/database/Console/Migrations/MigrateCommand.php(164): Illuminate\\Database\\Migrations\\Migrator->repositoryExists()
#8 /var/www/html/wp-content/themes/sage-theme/vendor/illuminate/support/helpers.php(424): Illuminate\\Database\\Console\\Migrations\\MigrateCommand->Illuminate\\Database\\Console\\Migrations\\{closure}(1)
#9 /var/www/html/wp-content/themes/sage-theme/vendor/illuminate/database/Console/Migrations/MigrateCommand.php(164): retry(1, Object(Closure), 0, Object(Closure))
#10 /var/www/html/wp-content/themes/sage-theme/vendor/illuminate/database/Console/Migrations/MigrateCommand.php(140): Illuminate\\Database\\Console\\Migrations\\MigrateCommand->repositoryExists()
#11 /var/www/html/wp-content/themes/sage-theme/vendor/illuminate/database/Console/Migrations/MigrateCommand.php(110): Illuminate\\Database\\Console\\Migrations\\MigrateCommand->prepareDatabase()
#12 /var/www/html/wp-content/themes/sage-theme/vendor/illuminate/database/Migrations/Migrator.php(666): Illuminate\\Database\\Console\\Migrations\\MigrateCommand->Illuminate\\Database\\Console\\Migrations\\{closure}()
#13 /var/www/html/wp-content/themes/sage-theme/vendor/illuminate/database/Console/Migrations/MigrateCommand.php(109): Illuminate\\Database\\Migrations\\Migrator->usingConnection(NULL, Object(Closure))
#14 /var/www/html/wp-content/themes/sage-theme/vendor/illuminate/database/Console/Migrations/MigrateCommand.php(88): Illuminate\\Database\\Console\\Migrations\\MigrateCommand->runMigrations()
#15 /var/www/html/wp-content/themes/sage-theme/vendor/illuminate/container/BoundMethod.php(36): Illuminate\\Database\\Console\\Migrations\\MigrateCommand->handle()
#16 /var/www/html/wp-content/themes/sage-theme/vendor/illuminate/container/Util.php(43): Illuminate\\Container\\BoundMethod::Illuminate\\Container\\{closure}()
#17 /var/www/html/wp-content/themes/sage-theme/vendor/illuminate/container/BoundMethod.php(96): Illuminate\\Container\\Util::unwrapIfClosure(Object(Closure))
#18 /var/www/html/wp-content/themes/sage-theme/vendor/illuminate/container/BoundMethod.php(35): Illuminate\\Container\\BoundMethod::callBoundMethod(Object(Roots\\Acorn\\Application), Array, Object(Closure))
#19 /var/www/html/wp-content/themes/sage-theme/vendor/illuminate/container/Container.php(807): Illuminate\\Container\\BoundMethod::call(Object(Roots\\Acorn\\Application), Array, Array, NULL)
#20 /var/www/html/wp-content/themes/sage-theme/vendor/illuminate/console/Command.php(211): Illuminate\\Container\\Container->call(Array)
#21 /var/www/html/wp-content/themes/sage-theme/vendor/symfony/console/Command/Command.php(335): Illuminate\\Console\\Command->execute(Object(Symfony\\Component\\Console\\Input\\StringInput), Object(Illuminate\\Console\\OutputStyle))
#22 /var/www/html/wp-content/themes/sage-theme/vendor/illuminate/console/Command.php(180): Symfony\\Component\\Console\\Command\\Command->run(Object(Symfony\\Component\\Console\\Input\\StringInput), Object(Illuminate\\Console\\OutputStyle))
#23 /var/www/html/wp-content/themes/sage-theme/vendor/symfony/console/Application.php(1103): Illuminate\\Console\\Command->run(Object(Symfony\\Component\\Console\\Input\\StringInput), Object(Symfony\\Component\\Console\\Output\\ConsoleOutput))
#24 /var/www/html/wp-content/themes/sage-theme/vendor/symfony/console/Application.php(356): Symfony\\Component\\Console\\Application->doRunCommand(Object(Illuminate\\Database\\Console\\Migrations\\MigrateCommand), Object(Symfony\\Component\\Console\\Input\\StringInput), Object(Symfony\\Component\\Console\\Output\\ConsoleOutput))
#25 /var/www/html/wp-content/themes/sage-theme/vendor/symfony/console/Application.php(195): Symfony\\Component\\Console\\Application->doRun(Object(Symfony\\Component\\Console\\Input\\StringInput), Object(Symfony\\Component\\Console\\Output\\ConsoleOutput))
#26 /var/www/html/wp-content/themes/sage-theme/vendor/roots/acorn/src/Illuminate/Foundation/Console/Kernel.php(197): Symfony\\Component\\Console\\Application->run(Object(Symfony\\Component\\Console\\Input\\StringInput), Object(Symfony\\Component\\Console\\Output\\ConsoleOutput))
#27 /var/www/html/wp-content/themes/sage-theme/vendor/roots/acorn/src/Roots/Acorn/Application/Concerns/Bootable.php(100): Illuminate\\Foundation\\Console\\Kernel->handle(Object(Symfony\\Component\\Console\\Input\\StringInput), Object(Symfony\\Component\\Console\\Output\\ConsoleOutput))
#28 [internal function]: Roots\\Acorn\\Application->Roots\\Acorn\\Application\\Concerns\\{closure}(Array, Array)
#29 phar:///usr/local/bin/wp/vendor/wp-cli/wp-cli/php/WP_CLI/Dispatcher/CommandFactory.php(102): call_user_func(Object(Closure), Array, Array)
#30 [internal function]: WP_CLI\\Dispatcher\\CommandFactory::WP_CLI\\Dispatcher\\{closure}(Array, Array)
#31 phar:///usr/local/bin/wp/vendor/wp-cli/wp-cli/php/WP_CLI/Dispatcher/Subcommand.php(497): call_user_func(Object(Closure), Array, Array)
#32 phar:///usr/local/bin/wp/vendor/wp-cli/wp-cli/php/WP_CLI/Runner.php(441): WP_CLI\\Dispatcher\\Subcommand->invoke(Array, Array, Array)
#33 phar:///usr/local/bin/wp/vendor/wp-cli/wp-cli/php/WP_CLI/Runner.php(464): WP_CLI\\Runner->run_command(Array, Array)
#34 phar:///usr/local/bin/wp/vendor/wp-cli/wp-cli/php/WP_CLI/Runner.php(1296): WP_CLI\\Runner->run_command_and_exit()
#35 phar:///usr/local/bin/wp/vendor/wp-cli/wp-cli/php/WP_CLI/Bootstrap/LaunchRunner.php(28): WP_CLI\\Runner->start()
#36 phar:///usr/local/bin/wp/vendor/wp-cli/wp-cli/php/bootstrap.php(83): WP_CLI\\Bootstrap\\LaunchRunner->process(Object(WP_CLI\\Bootstrap\\BootstrapState))
#37 phar:///usr/local/bin/wp/vendor/wp-cli/wp-cli/php/wp-cli.php(32): WP_CLI\\bootstrap()
#38 phar:///usr/local/bin/wp/php/boot-phar.php(20): include('phar:///usr/loc...')
#39 /usr/local/bin/wp(4): include('phar:///usr/loc...')
#40 {main}

[previous exception] [object] (PDOException(code: 0): could not find driver at /var/www/html/wp-content/themes/sage-theme/vendor/illuminate/database/Connectors/Connector.php:66)
[stacktrace]
#0 /var/www/html/wp-content/themes/sage-theme/vendor/illuminate/database/Connectors/Connector.php(66): PDO->__construct('mysql:host=mysq...', 'wpuser', Object(SensitiveParameterValue), Array)
#1 /var/www/html/wp-content/themes/sage-theme/vendor/illuminate/database/Connectors/Connector.php(44): Illuminate\\Database\\Connectors\\Connector->createPdoConnection('mysql:host=mysq...', 'wpuser', Object(SensitiveParameterValue), Array)
#2 /var/www/html/wp-content/themes/sage-theme/vendor/illuminate/database/Connectors/MySqlConnector.php(24): Illuminate\\Database\\Connectors\\Connector->createConnection('mysql:host=mysq...', Array, Array)
#3 /var/www/html/wp-content/themes/sage-theme/vendor/illuminate/database/Connectors/ConnectionFactory.php(184): Illuminate\\Database\\Connectors\\MySqlConnector->connect(Array)
#4 [internal function]: Illuminate\\Database\\Connectors\\ConnectionFactory->Illuminate\\Database\\Connectors\\{closure}()
#5 /var/www/html/wp-content/themes/sage-theme/vendor/illuminate/database/Connection.php(1236): call_user_func(Object(Closure))
#6 /var/www/html/wp-content/themes/sage-theme/vendor/illuminate/database/Connection.php(1272): Illuminate\\Database\\Connection->getPdo()
#7 /var/www/html/wp-content/themes/sage-theme/vendor/illuminate/database/Connection.php(511): Illuminate\\Database\\Connection->getReadPdo()
#8 /var/www/html/wp-content/themes/sage-theme/vendor/illuminate/database/Connection.php(406): Illuminate\\Database\\Connection->getPdoForSelect(true)
#9 /var/www/html/wp-content/themes/sage-theme/vendor/illuminate/database/Connection.php(813): Illuminate\\Database\\Connection->Illuminate\\Database\\{closure}('select exists (...', Array)
#10 /var/www/html/wp-content/themes/sage-theme/vendor/illuminate/database/Connection.php(780): Illuminate\\Database\\Connection->runQueryCallback('select exists (...', Array, Object(Closure))
#11 /var/www/html/wp-content/themes/sage-theme/vendor/illuminate/database/Connection.php(397): Illuminate\\Database\\Connection->run('select exists (...', Array, Object(Closure))
#12 /var/www/html/wp-content/themes/sage-theme/vendor/illuminate/database/Connection.php(343): Illuminate\\Database\\Connection->select('select exists (...', Array, true)
#13 /var/www/html/wp-content/themes/sage-theme/vendor/illuminate/database/Connection.php(360): Illuminate\\Database\\Connection->selectOne('select exists (...', Array, true)
#14 /var/www/html/wp-content/themes/sage-theme/vendor/illuminate/database/Schema/Builder.php(174): Illuminate\\Database\\Connection->scalar('select exists (...')
#15 /var/www/html/wp-content/themes/sage-theme/vendor/illuminate/database/Migrations/DatabaseMigrationRepository.php(185): Illuminate\\Database\\Schema\\Builder->hasTable('wp_migrations')
#16 /var/www/html/wp-content/themes/sage-theme/vendor/illuminate/database/Migrations/Migrator.php(753): Illuminate\\Database\\Migrations\\DatabaseMigrationRepository->repositoryExists()
#17 /var/www/html/wp-content/themes/sage-theme/vendor/illuminate/database/Console/Migrations/MigrateCommand.php(164): Illuminate\\Database\\Migrations\\Migrator->repositoryExists()
#18 /var/www/html/wp-content/themes/sage-theme/vendor/illuminate/support/helpers.php(424): Illuminate\\Database\\Console\\Migrations\\MigrateCommand->Illuminate\\Database\\Console\\Migrations\\{closure}(1)
#19 /var/www/html/wp-content/themes/sage-theme/vendor/illuminate/database/Console/Migrations/MigrateCommand.php(164): retry(1, Object(Closure), 0, Object(Closure))
#20 /var/www/html/wp-content/themes/sage-theme/vendor/illuminate/database/Console/Migrations/MigrateCommand.php(140): Illuminate\\Database\\Console\\Migrations\\MigrateCommand->repositoryExists()
#21 /var/www/html/wp-content/themes/sage-theme/vendor/illuminate/database/Console/Migrations/MigrateCommand.php(110): Illuminate\\Database\\Console\\Migrations\\MigrateCommand->prepareDatabase()
#22 /var/www/html/wp-content/themes/sage-theme/vendor/illuminate/database/Migrations/Migrator.php(666): Illuminate\\Database\\Console\\Migrations\\MigrateCommand->Illuminate\\Database\\Console\\Migrations\\{closure}()
#23 /var/www/html/wp-content/themes/sage-theme/vendor/illuminate/database/Console/Migrations/MigrateCommand.php(109): Illuminate\\Database\\Migrations\\Migrator->usingConnection(NULL, Object(Closure))
#24 /var/www/html/wp-content/themes/sage-theme/vendor/illuminate/database/Console/Migrations/MigrateCommand.php(88): Illuminate\\Database\\Console\\Migrations\\MigrateCommand->runMigrations()
#25 /var/www/html/wp-content/themes/sage-theme/vendor/illuminate/container/BoundMethod.php(36): Illuminate\\Database\\Console\\Migrations\\MigrateCommand->handle()
#26 /var/www/html/wp-content/themes/sage-theme/vendor/illuminate/container/Util.php(43): Illuminate\\Container\\BoundMethod::Illuminate\\Container\\{closure}()
#27 /var/www/html/wp-content/themes/sage-theme/vendor/illuminate/container/BoundMethod.php(96): Illuminate\\Container\\Util::unwrapIfClosure(Object(Closure))
#28 /var/www/html/wp-content/themes/sage-theme/vendor/illuminate/container/BoundMethod.php(35): Illuminate\\Container\\BoundMethod::callBoundMethod(Object(Roots\\Acorn\\Application), Array, Object(Closure))
#29 /var/www/html/wp-content/themes/sage-theme/vendor/illuminate/container/Container.php(807): Illuminate\\Container\\BoundMethod::call(Object(Roots\\Acorn\\Application), Array, Array, NULL)
#30 /var/www/html/wp-content/themes/sage-theme/vendor/illuminate/console/Command.php(211): Illuminate\\Container\\Container->call(Array)
#31 /var/www/html/wp-content/themes/sage-theme/vendor/symfony/console/Command/Command.php(335): Illuminate\\Console\\Command->execute(Object(Symfony\\Component\\Console\\Input\\StringInput), Object(Illuminate\\Console\\OutputStyle))
#32 /var/www/html/wp-content/themes/sage-theme/vendor/illuminate/console/Command.php(180): Symfony\\Component\\Console\\Command\\Command->run(Object(Symfony\\Component\\Console\\Input\\StringInput), Object(Illuminate\\Console\\OutputStyle))
#33 /var/www/html/wp-content/themes/sage-theme/vendor/symfony/console/Application.php(1103): Illuminate\\Console\\Command->run(Object(Symfony\\Component\\Console\\Input\\StringInput), Object(Symfony\\Component\\Console\\Output\\ConsoleOutput))
#34 /var/www/html/wp-content/themes/sage-theme/vendor/symfony/console/Application.php(356): Symfony\\Component\\Console\\Application->doRunCommand(Object(Illuminate\\Database\\Console\\Migrations\\MigrateCommand), Object(Symfony\\Component\\Console\\Input\\StringInput), Object(Symfony\\Component\\Console\\Output\\ConsoleOutput))
#35 /var/www/html/wp-content/themes/sage-theme/vendor/symfony/console/Application.php(195): Symfony\\Component\\Console\\Application->doRun(Object(Symfony\\Component\\Console\\Input\\StringInput), Object(Symfony\\Component\\Console\\Output\\ConsoleOutput))
#36 /var/www/html/wp-content/themes/sage-theme/vendor/roots/acorn/src/Illuminate/Foundation/Console/Kernel.php(197): Symfony\\Component\\Console\\Application->run(Object(Symfony\\Component\\Console\\Input\\StringInput), Object(Symfony\\Component\\Console\\Output\\ConsoleOutput))
#37 /var/www/html/wp-content/themes/sage-theme/vendor/roots/acorn/src/Roots/Acorn/Application/Concerns/Bootable.php(100): Illuminate\\Foundation\\Console\\Kernel->handle(Object(Symfony\\Component\\Console\\Input\\StringInput), Object(Symfony\\Component\\Console\\Output\\ConsoleOutput))
#38 [internal function]: Roots\\Acorn\\Application->Roots\\Acorn\\Application\\Concerns\\{closure}(Array, Array)
#39 phar:///usr/local/bin/wp/vendor/wp-cli/wp-cli/php/WP_CLI/Dispatcher/CommandFactory.php(102): call_user_func(Object(Closure), Array, Array)
#40 [internal function]: WP_CLI\\Dispatcher\\CommandFactory::WP_CLI\\Dispatcher\\{closure}(Array, Array)
#41 phar:///usr/local/bin/wp/vendor/wp-cli/wp-cli/php/WP_CLI/Dispatcher/Subcommand.php(497): call_user_func(Object(Closure), Array, Array)
#42 phar:///usr/local/bin/wp/vendor/wp-cli/wp-cli/php/WP_CLI/Runner.php(441): WP_CLI\\Dispatcher\\Subcommand->invoke(Array, Array, Array)
#43 phar:///usr/local/bin/wp/vendor/wp-cli/wp-cli/php/WP_CLI/Runner.php(464): WP_CLI\\Runner->run_command(Array, Array)
#44 phar:///usr/local/bin/wp/vendor/wp-cli/wp-cli/php/WP_CLI/Runner.php(1296): WP_CLI\\Runner->run_command_and_exit()
#45 phar:///usr/local/bin/wp/vendor/wp-cli/wp-cli/php/WP_CLI/Bootstrap/LaunchRunner.php(28): WP_CLI\\Runner->start()
#46 phar:///usr/local/bin/wp/vendor/wp-cli/wp-cli/php/bootstrap.php(83): WP_CLI\\Bootstrap\\LaunchRunner->process(Object(WP_CLI\\Bootstrap\\BootstrapState))
#47 phar:///usr/local/bin/wp/vendor/wp-cli/wp-cli/php/wp-cli.php(32): WP_CLI\\bootstrap()
#48 phar:///usr/local/bin/wp/php/boot-phar.php(20): include('phar:///usr/loc...')
#49 /usr/local/bin/wp(4): include('phar:///usr/loc...')
#50 {main}
"} 
[2025-12-07 14:54:06] production.ERROR: could not find driver (Connection: wordpress, SQL: select exists (select 1 from information_schema.tables where table_schema = schema() and table_name = 'wp_migrations' and table_type in ('BASE TABLE', 'SYSTEM VERSIONED')) as `exists`) {"exception":"[object] (Illuminate\\Database\\QueryException(code: 0): could not find driver (Connection: wordpress, SQL: select exists (select 1 from information_schema.tables where table_schema = schema() and table_name = 'wp_migrations' and table_type in ('BASE TABLE', 'SYSTEM VERSIONED')) as `exists`) at /var/www/html/wp-content/themes/sage-theme/vendor/illuminate/database/Connection.php:826)
[stacktrace]
#0 /var/www/html/wp-content/themes/sage-theme/vendor/illuminate/database/Connection.php(780): Illuminate\\Database\\Connection->runQueryCallback('select exists (...', Array, Object(Closure))
#1 /var/www/html/wp-content/themes/sage-theme/vendor/illuminate/database/Connection.php(397): Illuminate\\Database\\Connection->run('select exists (...', Array, Object(Closure))
#2 /var/www/html/wp-content/themes/sage-theme/vendor/illuminate/database/Connection.php(343): Illuminate\\Database\\Connection->select('select exists (...', Array, true)
#3 /var/www/html/wp-content/themes/sage-theme/vendor/illuminate/database/Connection.php(360): Illuminate\\Database\\Connection->selectOne('select exists (...', Array, true)
#4 /var/www/html/wp-content/themes/sage-theme/vendor/illuminate/database/Schema/Builder.php(174): Illuminate\\Database\\Connection->scalar('select exists (...')
#5 /var/www/html/wp-content/themes/sage-theme/vendor/illuminate/database/Migrations/DatabaseMigrationRepository.php(185): Illuminate\\Database\\Schema\\Builder->hasTable('wp_migrations')
#6 /var/www/html/wp-content/themes/sage-theme/vendor/illuminate/database/Migrations/Migrator.php(753): Illuminate\\Database\\Migrations\\DatabaseMigrationRepository->repositoryExists()
#7 /var/www/html/wp-content/themes/sage-theme/vendor/illuminate/database/Console/Migrations/MigrateCommand.php(164): Illuminate\\Database\\Migrations\\Migrator->repositoryExists()
#8 /var/www/html/wp-content/themes/sage-theme/vendor/illuminate/support/helpers.php(424): Illuminate\\Database\\Console\\Migrations\\MigrateCommand->Illuminate\\Database\\Console\\Migrations\\{closure}(1)
#9 /var/www/html/wp-content/themes/sage-theme/vendor/illuminate/database/Console/Migrations/MigrateCommand.php(164): retry(1, Object(Closure), 0, Object(Closure))
#10 /var/www/html/wp-content/themes/sage-theme/vendor/illuminate/database/Console/Migrations/MigrateCommand.php(140): Illuminate\\Database\\Console\\Migrations\\MigrateCommand->repositoryExists()
#11 /var/www/html/wp-content/themes/sage-theme/vendor/illuminate/database/Console/Migrations/MigrateCommand.php(110): Illuminate\\Database\\Console\\Migrations\\MigrateCommand->prepareDatabase()
#12 /var/www/html/wp-content/themes/sage-theme/vendor/illuminate/database/Migrations/Migrator.php(666): Illuminate\\Database\\Console\\Migrations\\MigrateCommand->Illuminate\\Database\\Console\\Migrations\\{closure}()
#13 /var/www/html/wp-content/themes/sage-theme/vendor/illuminate/database/Console/Migrations/MigrateCommand.php(109): Illuminate\\Database\\Migrations\\Migrator->usingConnection(NULL, Object(Closure))
#14 /var/www/html/wp-content/themes/sage-theme/vendor/illuminate/database/Console/Migrations/MigrateCommand.php(88): Illuminate\\Database\\Console\\Migrations\\MigrateCommand->runMigrations()
#15 /var/www/html/wp-content/themes/sage-theme/vendor/illuminate/container/BoundMethod.php(36): Illuminate\\Database\\Console\\Migrations\\MigrateCommand->handle()
#16 /var/www/html/wp-content/themes/sage-theme/vendor/illuminate/container/Util.php(43): Illuminate\\Container\\BoundMethod::Illuminate\\Container\\{closure}()
#17 /var/www/html/wp-content/themes/sage-theme/vendor/illuminate/container/BoundMethod.php(96): Illuminate\\Container\\Util::unwrapIfClosure(Object(Closure))
#18 /var/www/html/wp-content/themes/sage-theme/vendor/illuminate/container/BoundMethod.php(35): Illuminate\\Container\\BoundMethod::callBoundMethod(Object(Roots\\Acorn\\Application), Array, Object(Closure))
#19 /var/www/html/wp-content/themes/sage-theme/vendor/illuminate/container/Container.php(807): Illuminate\\Container\\BoundMethod::call(Object(Roots\\Acorn\\Application), Array, Array, NULL)
#20 /var/www/html/wp-content/themes/sage-theme/vendor/illuminate/console/Command.php(211): Illuminate\\Container\\Container->call(Array)
#21 /var/www/html/wp-content/themes/sage-theme/vendor/symfony/console/Command/Command.php(335): Illuminate\\Console\\Command->execute(Object(Symfony\\Component\\Console\\Input\\StringInput), Object(Illuminate\\Console\\OutputStyle))
#22 /var/www/html/wp-content/themes/sage-theme/vendor/illuminate/console/Command.php(180): Symfony\\Component\\Console\\Command\\Command->run(Object(Symfony\\Component\\Console\\Input\\StringInput), Object(Illuminate\\Console\\OutputStyle))
#23 /var/www/html/wp-content/themes/sage-theme/vendor/symfony/console/Application.php(1103): Illuminate\\Console\\Command->run(Object(Symfony\\Component\\Console\\Input\\StringInput), Object(Symfony\\Component\\Console\\Output\\ConsoleOutput))
#24 /var/www/html/wp-content/themes/sage-theme/vendor/symfony/console/Application.php(356): Symfony\\Component\\Console\\Application->doRunCommand(Object(Illuminate\\Database\\Console\\Migrations\\MigrateCommand), Object(Symfony\\Component\\Console\\Input\\StringInput), Object(Symfony\\Component\\Console\\Output\\ConsoleOutput))
#25 /var/www/html/wp-content/themes/sage-theme/vendor/symfony/console/Application.php(195): Symfony\\Component\\Console\\Application->doRun(Object(Symfony\\Component\\Console\\Input\\StringInput), Object(Symfony\\Component\\Console\\Output\\ConsoleOutput))
#26 /var/www/html/wp-content/themes/sage-theme/vendor/roots/acorn/src/Illuminate/Foundation/Console/Kernel.php(197): Symfony\\Component\\Console\\Application->run(Object(Symfony\\Component\\Console\\Input\\StringInput), Object(Symfony\\Component\\Console\\Output\\ConsoleOutput))
#27 /var/www/html/wp-content/themes/sage-theme/vendor/roots/acorn/src/Roots/Acorn/Application/Concerns/Bootable.php(100): Illuminate\\Foundation\\Console\\Kernel->handle(Object(Symfony\\Component\\Console\\Input\\StringInput), Object(Symfony\\Component\\Console\\Output\\ConsoleOutput))
#28 [internal function]: Roots\\Acorn\\Application->Roots\\Acorn\\Application\\Concerns\\{closure}(Array, Array)
#29 phar:///usr/local/bin/wp/vendor/wp-cli/wp-cli/php/WP_CLI/Dispatcher/CommandFactory.php(102): call_user_func(Object(Closure), Array, Array)
#30 [internal function]: WP_CLI\\Dispatcher\\CommandFactory::WP_CLI\\Dispatcher\\{closure}(Array, Array)
#31 phar:///usr/local/bin/wp/vendor/wp-cli/wp-cli/php/WP_CLI/Dispatcher/Subcommand.php(497): call_user_func(Object(Closure), Array, Array)
#32 phar:///usr/local/bin/wp/vendor/wp-cli/wp-cli/php/WP_CLI/Runner.php(441): WP_CLI\\Dispatcher\\Subcommand->invoke(Array, Array, Array)
#33 phar:///usr/local/bin/wp/vendor/wp-cli/wp-cli/php/WP_CLI/Runner.php(464): WP_CLI\\Runner->run_command(Array, Array)
#34 phar:///usr/local/bin/wp/vendor/wp-cli/wp-cli/php/WP_CLI/Runner.php(1296): WP_CLI\\Runner->run_command_and_exit()
#35 phar:///usr/local/bin/wp/vendor/wp-cli/wp-cli/php/WP_CLI/Bootstrap/LaunchRunner.php(28): WP_CLI\\Runner->start()
#36 phar:///usr/local/bin/wp/vendor/wp-cli/wp-cli/php/bootstrap.php(83): WP_CLI\\Bootstrap\\LaunchRunner->process(Object(WP_CLI\\Bootstrap\\BootstrapState))
#37 phar:///usr/local/bin/wp/vendor/wp-cli/wp-cli/php/wp-cli.php(32): WP_CLI\\bootstrap()
#38 phar:///usr/local/bin/wp/php/boot-phar.php(20): include('phar:///usr/loc...')
#39 /usr/local/bin/wp(4): include('phar:///usr/loc...')
#40 {main}

[previous exception] [object] (PDOException(code: 0): could not find driver at /var/www/html/wp-content/themes/sage-theme/vendor/illuminate/database/Connectors/Connector.php:66)
[stacktrace]
#0 /var/www/html/wp-content/themes/sage-theme/vendor/illuminate/database/Connectors/Connector.php(66): PDO->__construct('mysql:host=mysq...', 'wpuser', Object(SensitiveParameterValue), Array)
#1 /var/www/html/wp-content/themes/sage-theme/vendor/illuminate/database/Connectors/Connector.php(44): Illuminate\\Database\\Connectors\\Connector->createPdoConnection('mysql:host=mysq...', 'wpuser', Object(SensitiveParameterValue), Array)
#2 /var/www/html/wp-content/themes/sage-theme/vendor/illuminate/database/Connectors/MySqlConnector.php(24): Illuminate\\Database\\Connectors\\Connector->createConnection('mysql:host=mysq...', Array, Array)
#3 /var/www/html/wp-content/themes/sage-theme/vendor/illuminate/database/Connectors/ConnectionFactory.php(184): Illuminate\\Database\\Connectors\\MySqlConnector->connect(Array)
#4 [internal function]: Illuminate\\Database\\Connectors\\ConnectionFactory->Illuminate\\Database\\Connectors\\{closure}()
#5 /var/www/html/wp-content/themes/sage-theme/vendor/illuminate/database/Connection.php(1236): call_user_func(Object(Closure))
#6 /var/www/html/wp-content/themes/sage-theme/vendor/illuminate/database/Connection.php(1272): Illuminate\\Database\\Connection->getPdo()
#7 /var/www/html/wp-content/themes/sage-theme/vendor/illuminate/database/Connection.php(511): Illuminate\\Database\\Connection->getReadPdo()
#8 /var/www/html/wp-content/themes/sage-theme/vendor/illuminate/database/Connection.php(406): Illuminate\\Database\\Connection->getPdoForSelect(true)
#9 /var/www/html/wp-content/themes/sage-theme/vendor/illuminate/database/Connection.php(813): Illuminate\\Database\\Connection->Illuminate\\Database\\{closure}('select exists (...', Array)
#10 /var/www/html/wp-content/themes/sage-theme/vendor/illuminate/database/Connection.php(780): Illuminate\\Database\\Connection->runQueryCallback('select exists (...', Array, Object(Closure))
#11 /var/www/html/wp-content/themes/sage-theme/vendor/illuminate/database/Connection.php(397): Illuminate\\Database\\Connection->run('select exists (...', Array, Object(Closure))
#12 /var/www/html/wp-content/themes/sage-theme/vendor/illuminate/database/Connection.php(343): Illuminate\\Database\\Connection->select('select exists (...', Array, true)
#13 /var/www/html/wp-content/themes/sage-theme/vendor/illuminate/database/Connection.php(360): Illuminate\\Database\\Connection->selectOne('select exists (...', Array, true)
#14 /var/www/html/wp-content/themes/sage-theme/vendor/illuminate/database/Schema/Builder.php(174): Illuminate\\Database\\Connection->scalar('select exists (...')
#15 /var/www/html/wp-content/themes/sage-theme/vendor/illuminate/database/Migrations/DatabaseMigrationRepository.php(185): Illuminate\\Database\\Schema\\Builder->hasTable('wp_migrations')
#16 /var/www/html/wp-content/themes/sage-theme/vendor/illuminate/database/Migrations/Migrator.php(753): Illuminate\\Database\\Migrations\\DatabaseMigrationRepository->repositoryExists()
#17 /var/www/html/wp-content/themes/sage-theme/vendor/illuminate/database/Console/Migrations/MigrateCommand.php(164): Illuminate\\Database\\Migrations\\Migrator->repositoryExists()
#18 /var/www/html/wp-content/themes/sage-theme/vendor/illuminate/support/helpers.php(424): Illuminate\\Database\\Console\\Migrations\\MigrateCommand->Illuminate\\Database\\Console\\Migrations\\{closure}(1)
#19 /var/www/html/wp-content/themes/sage-theme/vendor/illuminate/database/Console/Migrations/MigrateCommand.php(164): retry(1, Object(Closure), 0, Object(Closure))
#20 /var/www/html/wp-content/themes/sage-theme/vendor/illuminate/database/Console/Migrations/MigrateCommand.php(140): Illuminate\\Database\\Console\\Migrations\\MigrateCommand->repositoryExists()
#21 /var/www/html/wp-content/themes/sage-theme/vendor/illuminate/database/Console/Migrations/MigrateCommand.php(110): Illuminate\\Database\\Console\\Migrations\\MigrateCommand->prepareDatabase()
#22 /var/www/html/wp-content/themes/sage-theme/vendor/illuminate/database/Migrations/Migrator.php(666): Illuminate\\Database\\Console\\Migrations\\MigrateCommand->Illuminate\\Database\\Console\\Migrations\\{closure}()
#23 /var/www/html/wp-content/themes/sage-theme/vendor/illuminate/database/Console/Migrations/MigrateCommand.php(109): Illuminate\\Database\\Migrations\\Migrator->usingConnection(NULL, Object(Closure))
#24 /var/www/html/wp-content/themes/sage-theme/vendor/illuminate/database/Console/Migrations/MigrateCommand.php(88): Illuminate\\Database\\Console\\Migrations\\MigrateCommand->runMigrations()
#25 /var/www/html/wp-content/themes/sage-theme/vendor/illuminate/container/BoundMethod.php(36): Illuminate\\Database\\Console\\Migrations\\MigrateCommand->handle()
#26 /var/www/html/wp-content/themes/sage-theme/vendor/illuminate/container/Util.php(43): Illuminate\\Container\\BoundMethod::Illuminate\\Container\\{closure}()
#27 /var/www/html/wp-content/themes/sage-theme/vendor/illuminate/container/BoundMethod.php(96): Illuminate\\Container\\Util::unwrapIfClosure(Object(Closure))
#28 /var/www/html/wp-content/themes/sage-theme/vendor/illuminate/container/BoundMethod.php(35): Illuminate\\Container\\BoundMethod::callBoundMethod(Object(Roots\\Acorn\\Application), Array, Object(Closure))
#29 /var/www/html/wp-content/themes/sage-theme/vendor/illuminate/container/Container.php(807): Illuminate\\Container\\BoundMethod::call(Object(Roots\\Acorn\\Application), Array, Array, NULL)
#30 /var/www/html/wp-content/themes/sage-theme/vendor/illuminate/console/Command.php(211): Illuminate\\Container\\Container->call(Array)
#31 /var/www/html/wp-content/themes/sage-theme/vendor/symfony/console/Command/Command.php(335): Illuminate\\Console\\Command->execute(Object(Symfony\\Component\\Console\\Input\\StringInput), Object(Illuminate\\Console\\OutputStyle))
#32 /var/www/html/wp-content/themes/sage-theme/vendor/illuminate/console/Command.php(180): Symfony\\Component\\Console\\Command\\Command->run(Object(Symfony\\Component\\Console\\Input\\StringInput), Object(Illuminate\\Console\\OutputStyle))
#33 /var/www/html/wp-content/themes/sage-theme/vendor/symfony/console/Application.php(1103): Illuminate\\Console\\Command->run(Object(Symfony\\Component\\Console\\Input\\StringInput), Object(Symfony\\Component\\Console\\Output\\ConsoleOutput))
#34 /var/www/html/wp-content/themes/sage-theme/vendor/symfony/console/Application.php(356): Symfony\\Component\\Console\\Application->doRunCommand(Object(Illuminate\\Database\\Console\\Migrations\\MigrateCommand), Object(Symfony\\Component\\Console\\Input\\StringInput), Object(Symfony\\Component\\Console\\Output\\ConsoleOutput))
#35 /var/www/html/wp-content/themes/sage-theme/vendor/symfony/console/Application.php(195): Symfony\\Component\\Console\\Application->doRun(Object(Symfony\\Component\\Console\\Input\\StringInput), Object(Symfony\\Component\\Console\\Output\\ConsoleOutput))
#36 /var/www/html/wp-content/themes/sage-theme/vendor/roots/acorn/src/Illuminate/Foundation/Console/Kernel.php(197): Symfony\\Component\\Console\\Application->run(Object(Symfony\\Component\\Console\\Input\\StringInput), Object(Symfony\\Component\\Console\\Output\\ConsoleOutput))
#37 /var/www/html/wp-content/themes/sage-theme/vendor/roots/acorn/src/Roots/Acorn/Application/Concerns/Bootable.php(100): Illuminate\\Foundation\\Console\\Kernel->handle(Object(Symfony\\Component\\Console\\Input\\StringInput), Object(Symfony\\Component\\Console\\Output\\ConsoleOutput))
#38 [internal function]: Roots\\Acorn\\Application->Roots\\Acorn\\Application\\Concerns\\{closure}(Array, Array)
#39 phar:///usr/local/bin/wp/vendor/wp-cli/wp-cli/php/WP_CLI/Dispatcher/CommandFactory.php(102): call_user_func(Object(Closure), Array, Array)
#40 [internal function]: WP_CLI\\Dispatcher\\CommandFactory::WP_CLI\\Dispatcher\\{closure}(Array, Array)
#41 phar:///usr/local/bin/wp/vendor/wp-cli/wp-cli/php/WP_CLI/Dispatcher/Subcommand.php(497): call_user_func(Object(Closure), Array, Array)
#42 phar:///usr/local/bin/wp/vendor/wp-cli/wp-cli/php/WP_CLI/Runner.php(441): WP_CLI\\Dispatcher\\Subcommand->invoke(Array, Array, Array)
#43 phar:///usr/local/bin/wp/vendor/wp-cli/wp-cli/php/WP_CLI/Runner.php(464): WP_CLI\\Runner->run_command(Array, Array)
#44 phar:///usr/local/bin/wp/vendor/wp-cli/wp-cli/php/WP_CLI/Runner.php(1296): WP_CLI\\Runner->run_command_and_exit()
#45 phar:///usr/local/bin/wp/vendor/wp-cli/wp-cli/php/WP_CLI/Bootstrap/LaunchRunner.php(28): WP_CLI\\Runner->start()
#46 phar:///usr/local/bin/wp/vendor/wp-cli/wp-cli/php/bootstrap.php(83): WP_CLI\\Bootstrap\\LaunchRunner->process(Object(WP_CLI\\Bootstrap\\BootstrapState))
#47 phar:///usr/local/bin/wp/vendor/wp-cli/wp-cli/php/wp-cli.php(32): WP_CLI\\bootstrap()
#48 phar:///usr/local/bin/wp/php/boot-phar.php(20): include('phar:///usr/loc...')
#49 /usr/local/bin/wp(4): include('phar:///usr/loc...')
#50 {main}
"} 
[2025-12-07 15:50:17] production.ERROR: Command "make:model" is not defined.

Did you mean one of these?
    make:command
    make:component
    make:composer
    make:controller
    make:job
    make:middleware
    make:migration
    make:provider
    make:queue-batches-table
    make:queue-failed-table
    make:queue-table
    make:seeder {"exception":"[object] (Symfony\\Component\\Console\\Exception\\CommandNotFoundException(code: 0): Command \"make:model\" is not defined.

Did you mean one of these?
    make:command
    make:component
    make:composer
    make:controller
    make:job
    make:middleware
    make:migration
    make:provider
    make:queue-batches-table
    make:queue-failed-table
    make:queue-table
    make:seeder at /var/www/html/wp-content/themes/sage-theme/vendor/symfony/console/Application.php:760)
[stacktrace]
#0 /var/www/html/wp-content/themes/sage-theme/vendor/symfony/console/Application.php(298): Symfony\\Component\\Console\\Application->find('make:model')
#1 /var/www/html/wp-content/themes/sage-theme/vendor/symfony/console/Application.php(195): Symfony\\Component\\Console\\Application->doRun(Object(Symfony\\Component\\Console\\Input\\StringInput), Object(Symfony\\Component\\Console\\Output\\ConsoleOutput))
#2 /var/www/html/wp-content/themes/sage-theme/vendor/roots/acorn/src/Illuminate/Foundation/Console/Kernel.php(197): Symfony\\Component\\Console\\Application->run(Object(Symfony\\Component\\Console\\Input\\StringInput), Object(Symfony\\Component\\Console\\Output\\ConsoleOutput))
#3 /var/www/html/wp-content/themes/sage-theme/vendor/roots/acorn/src/Roots/Acorn/Application/Concerns/Bootable.php(100): Illuminate\\Foundation\\Console\\Kernel->handle(Object(Symfony\\Component\\Console\\Input\\StringInput), Object(Symfony\\Component\\Console\\Output\\ConsoleOutput))
#4 [internal function]: Roots\\Acorn\\Application->Roots\\Acorn\\Application\\Concerns\\{closure}(Array, Array)
#5 phar:///usr/local/bin/wp/vendor/wp-cli/wp-cli/php/WP_CLI/Dispatcher/CommandFactory.php(102): call_user_func(Object(Closure), Array, Array)
#6 [internal function]: WP_CLI\\Dispatcher\\CommandFactory::WP_CLI\\Dispatcher\\{closure}(Array, Array)
#7 phar:///usr/local/bin/wp/vendor/wp-cli/wp-cli/php/WP_CLI/Dispatcher/Subcommand.php(497): call_user_func(Object(Closure), Array, Array)
#8 phar:///usr/local/bin/wp/vendor/wp-cli/wp-cli/php/WP_CLI/Runner.php(441): WP_CLI\\Dispatcher\\Subcommand->invoke(Array, Array, Array)
#9 phar:///usr/local/bin/wp/vendor/wp-cli/wp-cli/php/WP_CLI/Runner.php(464): WP_CLI\\Runner->run_command(Array, Array)
#10 phar:///usr/local/bin/wp/vendor/wp-cli/wp-cli/php/WP_CLI/Runner.php(1296): WP_CLI\\Runner->run_command_and_exit()
#11 phar:///usr/local/bin/wp/vendor/wp-cli/wp-cli/php/WP_CLI/Bootstrap/LaunchRunner.php(28): WP_CLI\\Runner->start()
#12 phar:///usr/local/bin/wp/vendor/wp-cli/wp-cli/php/bootstrap.php(83): WP_CLI\\Bootstrap\\LaunchRunner->process(Object(WP_CLI\\Bootstrap\\BootstrapState))
#13 phar:///usr/local/bin/wp/vendor/wp-cli/wp-cli/php/wp-cli.php(32): WP_CLI\\bootstrap()
#14 phar:///usr/local/bin/wp/php/boot-phar.php(20): include('phar:///usr/loc...')
#15 /usr/local/bin/wp(4): include('phar:///usr/loc...')
#16 {main}
"} 
[2025-12-07 15:50:45] production.ERROR: Command "make:model" is not defined.

Did you mean one of these?
    make:command
    make:component
    make:composer
    make:controller
    make:job
    make:middleware
    make:migration
    make:provider
    make:queue-batches-table
    make:queue-failed-table
    make:queue-table
    make:seeder {"exception":"[object] (Symfony\\Component\\Console\\Exception\\CommandNotFoundException(code: 0): Command \"make:model\" is not defined.

Did you mean one of these?
    make:command
    make:component
    make:composer
    make:controller
    make:job
    make:middleware
    make:migration
    make:provider
    make:queue-batches-table
    make:queue-failed-table
    make:queue-table
    make:seeder at /var/www/html/wp-content/themes/sage-theme/vendor/symfony/console/Application.php:760)
[stacktrace]
#0 /var/www/html/wp-content/themes/sage-theme/vendor/symfony/console/Application.php(298): Symfony\\Component\\Console\\Application->find('make:model')
#1 /var/www/html/wp-content/themes/sage-theme/vendor/symfony/console/Application.php(195): Symfony\\Component\\Console\\Application->doRun(Object(Symfony\\Component\\Console\\Input\\StringInput), Object(Symfony\\Component\\Console\\Output\\ConsoleOutput))
#2 /var/www/html/wp-content/themes/sage-theme/vendor/roots/acorn/src/Illuminate/Foundation/Console/Kernel.php(197): Symfony\\Component\\Console\\Application->run(Object(Symfony\\Component\\Console\\Input\\StringInput), Object(Symfony\\Component\\Console\\Output\\ConsoleOutput))
#3 /var/www/html/wp-content/themes/sage-theme/vendor/roots/acorn/src/Roots/Acorn/Application/Concerns/Bootable.php(100): Illuminate\\Foundation\\Console\\Kernel->handle(Object(Symfony\\Component\\Console\\Input\\StringInput), Object(Symfony\\Component\\Console\\Output\\ConsoleOutput))
#4 [internal function]: Roots\\Acorn\\Application->Roots\\Acorn\\Application\\Concerns\\{closure}(Array, Array)
#5 phar:///usr/local/bin/wp/vendor/wp-cli/wp-cli/php/WP_CLI/Dispatcher/CommandFactory.php(102): call_user_func(Object(Closure), Array, Array)
#6 [internal function]: WP_CLI\\Dispatcher\\CommandFactory::WP_CLI\\Dispatcher\\{closure}(Array, Array)
#7 phar:///usr/local/bin/wp/vendor/wp-cli/wp-cli/php/WP_CLI/Dispatcher/Subcommand.php(497): call_user_func(Object(Closure), Array, Array)
#8 phar:///usr/local/bin/wp/vendor/wp-cli/wp-cli/php/WP_CLI/Runner.php(441): WP_CLI\\Dispatcher\\Subcommand->invoke(Array, Array, Array)
#9 phar:///usr/local/bin/wp/vendor/wp-cli/wp-cli/php/WP_CLI/Runner.php(464): WP_CLI\\Runner->run_command(Array, Array)
#10 phar:///usr/local/bin/wp/vendor/wp-cli/wp-cli/php/WP_CLI/Runner.php(1296): WP_CLI\\Runner->run_command_and_exit()
#11 phar:///usr/local/bin/wp/vendor/wp-cli/wp-cli/php/WP_CLI/Bootstrap/LaunchRunner.php(28): WP_CLI\\Runner->start()
#12 phar:///usr/local/bin/wp/vendor/wp-cli/wp-cli/php/bootstrap.php(83): WP_CLI\\Bootstrap\\LaunchRunner->process(Object(WP_CLI\\Bootstrap\\BootstrapState))
#13 phar:///usr/local/bin/wp/vendor/wp-cli/wp-cli/php/wp-cli.php(32): WP_CLI\\bootstrap()
#14 phar:///usr/local/bin/wp/php/boot-phar.php(20): include('phar:///usr/loc...')
#15 /usr/local/bin/wp(4): include('phar:///usr/loc...')
#16 {main}
"} 
[2025-12-08 21:16:23] production.ERROR: Skipping provider [Roots\Acorn\View\ViewServiceProvider] because it encountered an error [RuntimeException]: Unable to detect application namespace. {"package":"","userId":1,"exception":"[object] (Roots\\Acorn\\Exceptions\\SkipProviderException(code: 0): Skipping provider [Roots\\Acorn\\View\\ViewServiceProvider] because it encountered an error [RuntimeException]: Unable to detect application namespace. at /var/www/html/wp-content/themes/sage-theme/vendor/roots/acorn/src/Roots/Acorn/Application.php:371)
[stacktrace]
#0 /var/www/html/wp-content/themes/sage-theme/vendor/roots/acorn/src/Roots/Acorn/Application.php(313): Roots\\Acorn\\Application->skipProvider()
#1 /var/www/html/wp-content/themes/sage-theme/vendor/roots/acorn/src/Illuminate/Foundation/Application.php(1131): Roots\\Acorn\\Application->bootProvider()
#2 [internal function]: Illuminate\\Foundation\\Application->Illuminate\\Foundation\\{closure}()
#3 /var/www/html/wp-content/themes/sage-theme/vendor/roots/acorn/src/Illuminate/Foundation/Application.php(1130): array_walk()
#4 /var/www/html/wp-content/themes/sage-theme/vendor/roots/acorn/src/Illuminate/Foundation/Bootstrap/BootProviders.php(17): Illuminate\\Foundation\\Application->boot()
#5 /var/www/html/wp-content/themes/sage-theme/vendor/roots/acorn/src/Illuminate/Foundation/Application.php(341): Illuminate\\Foundation\\Bootstrap\\BootProviders->bootstrap()
#6 /var/www/html/wp-content/themes/sage-theme/vendor/roots/acorn/src/Illuminate/Foundation/Http/Kernel.php(186): Illuminate\\Foundation\\Application->bootstrapWith()
#7 /var/www/html/wp-content/themes/sage-theme/vendor/roots/acorn/src/Roots/Acorn/Application/Concerns/Bootable.php(123): Illuminate\\Foundation\\Http\\Kernel->bootstrap()
#8 /var/www/html/wp-content/themes/sage-theme/vendor/roots/acorn/src/Roots/Acorn/Application/Concerns/Bootable.php(49): Roots\\Acorn\\Application->bootHttp()
#9 /var/www/html/wp-content/themes/sage-theme/vendor/roots/acorn/src/Roots/Acorn/Configuration/ApplicationBuilder.php(170): Roots\\Acorn\\Application->bootAcorn()
#10 /var/www/html/wp-content/themes/sage-theme/functions.php(38): Roots\\Acorn\\Configuration\\ApplicationBuilder->boot()
#11 /var/www/html/wp-settings.php(710): include('...')
#12 /var/www/html/wp-config.php(102): require_once('...')
#13 /var/www/html/wp-load.php(50): require_once('...')
#14 /var/www/html/wp-admin/admin-ajax.php(22): require_once('...')
#15 {main}

[previous exception] [object] (RuntimeException(code: 0): Unable to detect application namespace. at /var/www/html/wp-content/themes/sage-theme/vendor/roots/acorn/src/Roots/Acorn/Application.php:413)
[stacktrace]
#0 /var/www/html/wp-content/themes/sage-theme/vendor/roots/acorn/src/Roots/Acorn/View/ViewServiceProvider.php(184): Roots\\Acorn\\Application->getNamespace()
#1 /var/www/html/wp-content/themes/sage-theme/vendor/roots/acorn/src/Roots/Acorn/View/ViewServiceProvider.php(37): Roots\\Acorn\\View\\ViewServiceProvider->attachComposers()
#2 /var/www/html/wp-content/themes/sage-theme/vendor/illuminate/container/BoundMethod.php(36): Roots\\Acorn\\View\\ViewServiceProvider->boot()
#3 /var/www/html/wp-content/themes/sage-theme/vendor/illuminate/container/Util.php(43): Illuminate\\Container\\BoundMethod::Illuminate\\Container\\{closure}()
#4 /var/www/html/wp-content/themes/sage-theme/vendor/illuminate/container/BoundMethod.php(96): Illuminate\\Container\\Util::unwrapIfClosure()
#5 /var/www/html/wp-content/themes/sage-theme/vendor/illuminate/container/BoundMethod.php(35): Illuminate\\Container\\BoundMethod::callBoundMethod()
#6 /var/www/html/wp-content/themes/sage-theme/vendor/illuminate/container/Container.php(807): Illuminate\\Container\\BoundMethod::call()
#7 /var/www/html/wp-content/themes/sage-theme/vendor/roots/acorn/src/Illuminate/Foundation/Application.php(1150): Illuminate\\Container\\Container->call()
#8 /var/www/html/wp-content/themes/sage-theme/vendor/roots/acorn/src/Roots/Acorn/Application.php(311): Illuminate\\Foundation\\Application->bootProvider()
#9 /var/www/html/wp-content/themes/sage-theme/vendor/roots/acorn/src/Illuminate/Foundation/Application.php(1131): Roots\\Acorn\\Application->bootProvider()
#10 [internal function]: Illuminate\\Foundation\\Application->Illuminate\\Foundation\\{closure}()
#11 /var/www/html/wp-content/themes/sage-theme/vendor/roots/acorn/src/Illuminate/Foundation/Application.php(1130): array_walk()
#12 /var/www/html/wp-content/themes/sage-theme/vendor/roots/acorn/src/Illuminate/Foundation/Bootstrap/BootProviders.php(17): Illuminate\\Foundation\\Application->boot()
#13 /var/www/html/wp-content/themes/sage-theme/vendor/roots/acorn/src/Illuminate/Foundation/Application.php(341): Illuminate\\Foundation\\Bootstrap\\BootProviders->bootstrap()
#14 /var/www/html/wp-content/themes/sage-theme/vendor/roots/acorn/src/Illuminate/Foundation/Http/Kernel.php(186): Illuminate\\Foundation\\Application->bootstrapWith()
#15 /var/www/html/wp-content/themes/sage-theme/vendor/roots/acorn/src/Roots/Acorn/Application/Concerns/Bootable.php(123): Illuminate\\Foundation\\Http\\Kernel->bootstrap()
#16 /var/www/html/wp-content/themes/sage-theme/vendor/roots/acorn/src/Roots/Acorn/Application/Concerns/Bootable.php(49): Roots\\Acorn\\Application->bootHttp()
#17 /var/www/html/wp-content/themes/sage-theme/vendor/roots/acorn/src/Roots/Acorn/Configuration/ApplicationBuilder.php(170): Roots\\Acorn\\Application->bootAcorn()
#18 /var/www/html/wp-content/themes/sage-theme/functions.php(38): Roots\\Acorn\\Configuration\\ApplicationBuilder->boot()
#19 /var/www/html/wp-settings.php(710): include('...')
#20 /var/www/html/wp-config.php(102): require_once('...')
#21 /var/www/html/wp-load.php(50): require_once('...')
#22 /var/www/html/wp-admin/admin-ajax.php(22): require_once('...')
#23 {main}
"} 
